Exception:
Traceback (most recent call last):
  File "/Users/kurtcampher/Projects/personal/build/test/lib/python2.6/site-packages/pip-0.6-py2.6.egg/pip.py", line 482, in main
    self.run(options, args)
  File "/Users/kurtcampher/Projects/personal/build/test/lib/python2.6/site-packages/pip-0.6-py2.6.egg/pip.py", line 673, in run
    for req in parse_requirements(filename, finder=finder, options=options):
  File "/Users/kurtcampher/Projects/personal/build/test/lib/python2.6/site-packages/pip-0.6-py2.6.egg/pip.py", line 4063, in parse_requirements
    filename, content = get_file_content(filename, comes_from=comes_from)
  File "/Users/kurtcampher/Projects/personal/build/test/lib/python2.6/site-packages/pip-0.6-py2.6.egg/pip.py", line 4053, in get_file_content
    f = open(url)
IOError: [Errno 2] No such file or directory: 'pwd/libs/dependencies.txt'
------------------------------------------------------------
/Users/kurtcampher/Projects/personal/build/test/bin/pip run on Sat Jun 25 02:00:50 2011
Unpacking ./libs/Django-1.0.2-final.tar.gz
  Running setup.py egg_info for package from file:///Users/kurtcampher/Projects/personal/adven_connect/libs/Django-1.0.2-final.tar.gz
    running egg_info
    creating pip-egg-info/Django.egg-info
    writing pip-egg-info/Django.egg-info/PKG-INFO
    writing top-level names to pip-egg-info/Django.egg-info/top_level.txt
    writing dependency_links to pip-egg-info/Django.egg-info/dependency_links.txt
    writing manifest file 'pip-egg-info/Django.egg-info/SOURCES.txt'
    warning: manifest_maker: standard file '-c' not found
    reading manifest file 'pip-egg-info/Django.egg-info/SOURCES.txt'
    reading manifest template 'MANIFEST.in'
    writing manifest file 'pip-egg-info/Django.egg-info/SOURCES.txt'
  Source in /var/folders/yZ/yZOUY6gTEKGNb1x821uE-++++TI/-Tmp-/pip-mfwOK_-build has version 1.0.2-final, which satisfies requirement Django from file:///Users/kurtcampher/Projects/personal/adven_connect/libs/Django-1.0.2-final.tar.gz (from -r /Users/kurtcampher/Projects/personal/adven_connect/libs/dependencies.txt (line 1))
Unpacking ./libs/south-0.6.tar.gz
  Running setup.py egg_info for package from file:///Users/kurtcampher/Projects/personal/adven_connect/libs/south-0.6.tar.gz
    running egg_info
    creating pip-egg-info/South.egg-info
    writing pip-egg-info/South.egg-info/PKG-INFO
    writing top-level names to pip-egg-info/South.egg-info/top_level.txt
    writing dependency_links to pip-egg-info/South.egg-info/dependency_links.txt
    writing manifest file 'pip-egg-info/South.egg-info/SOURCES.txt'
    warning: manifest_maker: standard file '-c' not found
    reading manifest file 'pip-egg-info/South.egg-info/SOURCES.txt'
    writing manifest file 'pip-egg-info/South.egg-info/SOURCES.txt'
  Source in /var/folders/yZ/yZOUY6gTEKGNb1x821uE-++++TI/-Tmp-/pip-ypLj9z-build has version 0.6, which satisfies requirement South from file:///Users/kurtcampher/Projects/personal/adven_connect/libs/south-0.6.tar.gz (from -r /Users/kurtcampher/Projects/personal/adven_connect/libs/dependencies.txt (line 2))
Unpacking ./libs/ipython-0.10-py2.6.egg
  Running setup.py egg_info for package from file:///Users/kurtcampher/Projects/personal/adven_connect/libs/ipython-0.10-py2.6.egg
    Traceback (most recent call last):
      File "<string>", line 14, in <module>
    IOError: [Errno 2] No such file or directory: '/var/folders/yZ/yZOUY6gTEKGNb1x821uE-++++TI/-Tmp-/pip-a7SI5j-build/setup.py'
    Complete output from command python setup.py egg_info:
    Traceback (most recent call last):

  File "<string>", line 14, in <module>

IOError: [Errno 2] No such file or directory: '/var/folders/yZ/yZOUY6gTEKGNb1x821uE-++++TI/-Tmp-/pip-a7SI5j-build/setup.py'

----------------------------------------
Command python setup.py egg_info failed with error code 1
Exception information:
Traceback (most recent call last):
  File "/Users/kurtcampher/Projects/personal/build/test/lib/python2.6/site-packages/pip-0.6-py2.6.egg/pip.py", line 482, in main
    self.run(options, args)
  File "/Users/kurtcampher/Projects/personal/build/test/lib/python2.6/site-packages/pip-0.6-py2.6.egg/pip.py", line 675, in run
    requirement_set.install_files(finder, force_root_egg_info=self.bundle)
  File "/Users/kurtcampher/Projects/personal/build/test/lib/python2.6/site-packages/pip-0.6-py2.6.egg/pip.py", line 2452, in install_files
    req_to_install.run_egg_info()
  File "/Users/kurtcampher/Projects/personal/build/test/lib/python2.6/site-packages/pip-0.6-py2.6.egg/pip.py", line 1827, in run_egg_info
    command_desc='python setup.py egg_info')
  File "/Users/kurtcampher/Projects/personal/build/test/lib/python2.6/site-packages/pip-0.6-py2.6.egg/pip.py", line 4347, in call_subprocess
    % (command_desc, proc.returncode))
InstallationError: Command python setup.py egg_info failed with error code 1
